<?xml version="1.0" encoding="UTF-8"?>
<!-- Generated by org.testng.reporters.JUnitXMLReporter -->
<testsuite ignored="8" hostname="Mahendra" failures="0" tests="8" name="AnnotationsCycleTest" time="0.068" errors="0" timestamp="2024-10-18T15:04:00 IST">
  <testcase classname="AnnotationsCycle.SuperClass" name="testOne" time="0.01"/>
  <testcase classname="AnnotationsCycle.SuperClass" name="testTwo" time="0.002"/>
  <testcase classname="AnnotationsCycle.SubClass1" name="Login" time="0.001"/>
  <testcase classname="AnnotationsCycle.SuperClass" name="testOne" time="0.001"/>
  <testcase classname="AnnotationsCycle.SuperClass" name="testTwo" time="0.001"/>
  <testcase classname="AnnotationsCycle.SubClass2" name="Logout" time="0.001"/>
  <testcase classname="AnnotationsCycle.SuperClass" name="testOne" time="0.001"/>
  <testcase classname="AnnotationsCycle.SuperClass" name="testTwo" time="0.001"/>
  <testcase classname="AnnotationsCycle.SuperClass" name="@BeforeTest beforeTest" time="0.0">
    <ignored/>
  </testcase> <!-- @BeforeTest beforeTest -->
  <testcase classname="AnnotationsCycle.SuperClass" name="@BeforeTest beforeTest" time="0.0">
    <ignored/>
  </testcase> <!-- @BeforeTest beforeTest -->
  <testcase classname="AnnotationsCycle.SuperClass" name="@BeforeSuite beforeSuite" time="0.0">
    <ignored/>
  </testcase> <!-- @BeforeSuite beforeSuite -->
  <testcase classname="AnnotationsCycle.SuperClass" name="@BeforeSuite beforeSuite" time="0.0">
    <ignored/>
  </testcase> <!-- @BeforeSuite beforeSuite -->
  <testcase classname="AnnotationsCycle.SuperClass" name="@AfterTest afterTest" time="0.0">
    <ignored/>
  </testcase> <!-- @AfterTest afterTest -->
  <testcase classname="AnnotationsCycle.SuperClass" name="@AfterTest afterTest" time="0.0">
    <ignored/>
  </testcase> <!-- @AfterTest afterTest -->
  <testcase classname="AnnotationsCycle.SuperClass" name="@AfterSuite afterSuite" time="0.0">
    <ignored/>
  </testcase> <!-- @AfterSuite afterSuite -->
  <testcase classname="AnnotationsCycle.SuperClass" name="@AfterSuite afterSuite" time="0.0">
    <ignored/>
  </testcase> <!-- @AfterSuite afterSuite -->
</testsuite> <!-- AnnotationsCycleTest -->
