<?xml version="1.0" encoding="UTF-8"?>
<!-- Generated by org.testng.reporters.JUnitXMLReporter -->
<testsuite ignored="0" hostname="Mahendra" failures="1" tests="2" name="BasicTest" time="8.483" errors="0" timestamp="2024-09-04T13:51:11 IST">
  <testcase classname="Test.TestClass2" name="verifyTitle" time="0.035">
    <failure type="java.lang.AssertionError" message="expected [OraneHRM - New Level of HR Management] but found [OrangeHRM - New Level of HR Management]">
      <![CDATA[java.lang.AssertionError: expected [OraneHRM - New Level of HR Management] but found [OrangeHRM - New Level of HR Management]
at Test.TestClass2.verifyTitle(TestClass2.java:28)
at java.base/java.util.ArrayList.forEach(ArrayList.java:1597)
... Removed 31 stack frames]]>
    </failure>
  </testcase> <!-- verifyTitle -->
  <testcase classname="Test.TestClass1" name="verifyTitle" time="0.02"/>
</testsuite> <!-- BasicTest -->
