<?xml version="1.0" encoding="UTF-8"?>
<!-- Generated by org.testng.reporters.JUnitXMLReporter -->
<testsuite ignored="1" hostname="Mahendra" failures="1" tests="5" name="GroupTest" time="0.057" errors="0" timestamp="2024-10-13T17:01:44 IST">
  <testcase classname="TestNgPackage.PriorityTestClass1" name="successLogin" time="0.012"/>
  <testcase classname="TestNgPackage.PriorityTestClass1" name="addToCart" time="0.001"/>
  <testcase classname="TestNgPackage.PriorityTestClass2" name="successLogin1" time="0.001"/>
  <testcase classname="TestNgPackage.PriorityTestClass2" name="welcomePage1" time="0.004">
    <failure type="java.lang.AssertionError" message="expected [MahendraBabu] but found [ahendraBabu]">
      <![CDATA[java.lang.AssertionError: expected [MahendraBabu] but found [ahendraBabu]
at TestNgPackage.PriorityTestClass2.welcomePage1(PriorityTestClass2.java:13)
at java.base/java.util.ArrayList.forEach(ArrayList.java:1597)
... Removed 31 stack frames]]>
    </failure>
  </testcase> <!-- welcomePage1 -->
  <testcase classname="TestNgPackage.PriorityTestClass2" name="addToCart1" time="0.0"/>
  <testcase classname="TestNgPackage.PriorityTestClass1" name="welcomePage" time="0.0">
    <ignored/>
  </testcase> <!-- welcomePage -->
</testsuite> <!-- GroupTest -->
