<?xml version="1.0" encoding="UTF-8"?>
<!-- Generated by org.testng.reporters.JUnitXMLReporter -->
<testsuite ignored="5" hostname="Mahendra" failures="1" tests="1" name="Sanity Test" time="0.009" errors="0" timestamp="2024-10-16T09:42:45 IST">
  <testcase classname="TestNgPackage.PriorityTestClass2" name="welcomePage1" time="0.005">
    <failure type="java.lang.AssertionError" message="expected [MahendraBabu] but found [ahendraBabu]">
      <![CDATA[java.lang.AssertionError: expected [MahendraBabu] but found [ahendraBabu]
at TestNgPackage.PriorityTestClass2.welcomePage1(PriorityTestClass2.java:13)
at java.base/java.util.ArrayList.forEach(ArrayList.java:1597)
... Removed 31 stack frames]]>
    </failure>
  </testcase> <!-- welcomePage1 -->
  <testcase classname="TestNgPackage.PriorityTestClass1" name="addToCart" time="0.0">
    <ignored/>
  </testcase> <!-- addToCart -->
  <testcase classname="TestNgPackage.PriorityTestClass2" name="addToCart1" time="0.0">
    <ignored/>
  </testcase> <!-- addToCart1 -->
  <testcase classname="TestNgPackage.PriorityTestClass2" name="successLogin1" time="0.0">
    <ignored/>
  </testcase> <!-- successLogin1 -->
  <testcase classname="TestNgPackage.PriorityTestClass1" name="successLogin" time="0.0">
    <ignored/>
  </testcase> <!-- successLogin -->
  <testcase classname="TestNgPackage.PriorityTestClass1" name="welcomePage" time="0.0">
    <ignored/>
  </testcase> <!-- welcomePage -->
</testsuite> <!-- Sanity Test -->
