<?xml version="1.0" encoding="UTF-8"?>
<!-- Generated by org.testng.reporters.JUnitXMLReporter -->
<testsuite ignored="2" hostname="Mahendra" failures="0" tests="4" name="SmokeTest" time="0.067" errors="0" timestamp="2024-10-13T17:01:23 IST">
  <testcase classname="TestNgPackage.PriorityTestClass1" name="successLogin" time="0.014"/>
  <testcase classname="TestNgPackage.PriorityTestClass1" name="addToCart" time="0.001"/>
  <testcase classname="TestNgPackage.PriorityTestClass2" name="successLogin1" time="0.001"/>
  <testcase classname="TestNgPackage.PriorityTestClass2" name="addToCart1" time="0.003"/>
  <testcase classname="TestNgPackage.PriorityTestClass2" name="welcomePage1" time="0.0">
    <ignored/>
  </testcase> <!-- welcomePage1 -->
  <testcase classname="TestNgPackage.PriorityTestClass1" name="welcomePage" time="0.0">
    <ignored/>
  </testcase> <!-- welcomePage -->
</testsuite> <!-- SmokeTest -->
