<?xml version="1.0" encoding="UTF-8"?>
<!-- Generated by org.testng.reporters.JUnitXMLReporter -->
<testsuite ignored="3" hostname="Mahendra" failures="0" tests="3" name="SmokeTest(failed)" time="0.051" errors="0" timestamp="2024-10-11T11:48:51 IST">
  <testcase classname="TestNgPackage.PriorityTestClass1" name="successLogin" time="0.01"/>
  <testcase classname="TestNgPackage.PriorityTestClass1" name="addToCart" time="0.001"/>
  <testcase classname="TestNgPackage.PriorityTestClass2" name="welcomePage" time="0.001"/>
  <testcase classname="TestNgPackage.PriorityTestClass2" name="addToCart" time="0.0">
    <ignored/>
  </testcase> <!-- addToCart -->
  <testcase classname="TestNgPackage.PriorityTestClass2" name="successLogin" time="0.0">
    <ignored/>
  </testcase> <!-- successLogin -->
  <testcase classname="TestNgPackage.PriorityTestClass1" name="welcomePage" time="0.0">
    <ignored/>
  </testcase> <!-- welcomePage -->
</testsuite> <!-- SmokeTest(failed) -->
